# JRE version: Java(TM) SE Runtime Environment (8.0_71-b15) (build 1.8.0_71-b15)
# Java VM: Java HotSpot(TM) 64-Bit Server VM (25.71-b15 mixed mode linux-amd64 compressed oops)
Heap:
 PSYoungGen      total 139264K, used 86721K [0x000000076cb00000, 0x000000077e400000, 0x00000007c0000000)
  eden space 129024K, 67% used [0x000000076cb00000,0x0000000771fb0750,0x0000000774900000)
  from space 10240K, 0% used [0x0000000774900000,0x0000000774900000,0x0000000775300000)
  to   space 14848K, 0% used [0x000000077d580000,0x000000077d580000,0x000000077e400000)
 ParOldGen       total 102400K, used 12852K [0x00000006c6000000, 0x00000006cc400000, 0x000000076cb00000)
  object space 102400K, 12% used [0x00000006c6000000,0x00000006c6c8d3b0,0x00000006cc400000)
 Metaspace       used 28829K, capacity 29460K, committed 29824K, reserved 1075200K
  class space    used 3502K, capacity 3641K, committed 3712K, reserved 1048576K
GC Heap History (10 events):
Event: 0,999 GC heap before
{Heap before GC invocations=2 (full 0):
 PSYoungGen      total 74752K, used 72525K [0x000000076cb00000, 0x0000000771e00000, 0x00000007c0000000)
  eden space 64512K, 100% used [0x000000076cb00000,0x0000000770a00000,0x0000000770a00000)
  from space 10240K, 78% used [0x0000000770a00000,0x00000007711d3418,0x0000000771400000)
  to   space 10240K, 0% used [0x0000000771400000,0x0000000771400000,0x0000000771e00000)
 ParOldGen       total 171008K, used 16K [0x00000006c6000000, 0x00000006d0700000, 0x000000076cb00000)
  object space 171008K, 0% used [0x00000006c6000000,0x00000006c6004000,0x00000006d0700000)
 Metaspace       used 14377K, capacity 14584K, committed 14848K, reserved 1062912K
  class space    used 1699K, capacity 1744K, committed 1792K, reserved 1048576K
Event: 1,010 GC heap after
Heap after GC invocations=2 (full 0):
 PSYoungGen      total 74752K, used 7957K [0x000000076cb00000, 0x0000000775d00000, 0x00000007c0000000)
  eden space 64512K, 0% used [0x000000076cb00000,0x000000076cb00000,0x0000000770a00000)
  from space 10240K, 77% used [0x0000000771400000,0x0000000771bc57b0,0x0000000771e00000)
  to   space 10240K, 0% used [0x0000000770a00000,0x0000000770a00000,0x0000000771400000)
 ParOldGen       total 171008K, used 24K [0x00000006c6000000, 0x00000006d0700000, 0x000000076cb00000)
  object space 171008K, 0% used [0x00000006c6000000,0x00000006c6006000,0x00000006d0700000)
 Metaspace       used 14377K, capacity 14584K, committed 14848K, reserved 1062912K
  class space    used 1699K, capacity 1744K, committed 1792K, reserved 1048576K
}
Event: 1,328 GC heap before
{Heap before GC invocations=3 (full 0):
 PSYoungGen      total 74752K, used 72469K [0x000000076cb00000, 0x0000000775d00000, 0x00000007c0000000)
  eden space 64512K, 100% used [0x000000076cb00000,0x0000000770a00000,0x0000000770a00000)
  from space 10240K, 77% used [0x0000000771400000,0x0000000771bc57b0,0x0000000771e00000)
  to   space 10240K, 0% used [0x0000000770a00000,0x0000000770a00000,0x0000000771400000)
 ParOldGen       total 171008K, used 24K [0x00000006c6000000, 0x00000006d0700000, 0x000000076cb00000)
  object space 171008K, 0% used [0x00000006c6000000,0x00000006c6006000,0x00000006d0700000)
 Metaspace       used 15719K, capacity 16302K, committed 16640K, reserved 1064960K
  class space    used 1815K, capacity 1929K, committed 2048K, reserved 1048576K
Event: 1,335 GC heap after
Heap after GC invocations=3 (full 0):
 PSYoungGen      total 74752K, used 9406K [0x000000076cb00000, 0x0000000775d00000, 0x00000007c0000000)
  eden space 64512K, 0% used [0x000000076cb00000,0x000000076cb00000,0x0000000770a00000)
  from space 10240K, 91% used [0x0000000770a00000,0x000000077132fa48,0x0000000771400000)
  to   space 10240K, 0% used [0x0000000775300000,0x0000000775300000,0x0000000775d00000)
 ParOldGen       total 171008K, used 32K [0x00000006c6000000, 0x00000006d0700000, 0x000000076cb00000)
  object space 171008K, 0% used [0x00000006c6000000,0x00000006c6008000,0x00000006d0700000)
 Metaspace       used 15719K, capacity 16302K, committed 16640K, reserved 1064960K
  class space    used 1815K, capacity 1929K, committed 2048K, reserved 1048576K
}
Event: 1,641 GC heap before
{Heap before GC invocations=4 (full 0):
 PSYoungGen      total 74752K, used 73918K [0x000000076cb00000, 0x0000000775d00000, 0x00000007c0000000)
  eden space 64512K, 100% used [0x000000076cb00000,0x0000000770a00000,0x0000000770a00000)
  from space 10240K, 91% used [0x0000000770a00000,0x000000077132fa48,0x0000000771400000)
  to   space 10240K, 0% used [0x0000000775300000,0x0000000775300000,0x0000000775d00000)
 ParOldGen       total 171008K, used 32K [0x00000006c6000000, 0x00000006d0700000, 0x000000076cb00000)
  object space 171008K, 0% used [0x00000006c6000000,0x00000006c6008000,0x00000006d0700000)
 Metaspace       used 19557K, capacity 20154K, committed 20352K, reserved 1067008K
  class space    used 2236K, capacity 2358K, committed 2432K, reserved 1048576K
Event: 1,652 GC heap after
Heap after GC invocations=4 (full 0):
 PSYoungGen      total 139264K, used 10239K [0x000000076cb00000, 0x0000000775d00000, 0x00000007c0000000)
  eden space 129024K, 0% used [0x000000076cb00000,0x000000076cb00000,0x0000000774900000)
  from space 10240K, 99% used [0x0000000775300000,0x0000000775cffe70,0x0000000775d00000)
  to   space 10240K, 0% used [0x0000000774900000,0x0000000774900000,0x0000000775300000)
 ParOldGen       total 171008K, used 3380K [0x00000006c6000000, 0x00000006d0700000, 0x000000076cb00000)
  object space 171008K, 1% used [0x00000006c6000000,0x00000006c634d1f8,0x00000006d0700000)
 Metaspace       used 19557K, capacity 20154K, committed 20352K, reserved 1067008K
  class space    used 2236K, capacity 2358K, committed 2432K, reserved 1048576K
}
Event: 1,737 GC heap before
{Heap before GC invocations=5 (full 0):
 PSYoungGen      total 139264K, used 28823K [0x000000076cb00000, 0x0000000775d00000, 0x00000007c0000000)
  eden space 129024K, 14% used [0x000000076cb00000,0x000000076dd25f68,0x0000000774900000)
  from space 10240K, 99% used [0x0000000775300000,0x0000000775cffe70,0x0000000775d00000)
  to   space 10240K, 0% used [0x0000000774900000,0x0000000774900000,0x0000000775300000)
 ParOldGen       total 171008K, used 3380K [0x00000006c6000000, 0x00000006d0700000, 0x000000076cb00000)
  object space 171008K, 1% used [0x00000006c6000000,0x00000006c634d1f8,0x00000006d0700000)
 Metaspace       used 20475K, capacity 21106K, committed 21248K, reserved 1069056K
  class space    used 2349K, capacity 2462K, committed 2560K, reserved 1048576K
Event: 1,745 GC heap after
Heap after GC invocations=5 (full 0):
 PSYoungGen      total 139264K, used 10208K [0x000000076cb00000, 0x000000077e400000, 0x00000007c0000000)
  eden space 129024K, 0% used [0x000000076cb00000,0x000000076cb00000,0x0000000774900000)
  from space 10240K, 99% used [0x0000000774900000,0x00000007752f8280,0x0000000775300000)
  to   space 14848K, 0% used [0x000000077d580000,0x000000077d580000,0x000000077e400000)
 ParOldGen       total 171008K, used 5617K [0x00000006c6000000, 0x00000006d0700000, 0x000000076cb00000)
  object space 171008K, 3% used [0x00000006c6000000,0x00000006c657c4b8,0x00000006d0700000)
 Metaspace       used 20475K, capacity 21106K, committed 21248K, reserved 1069056K
  class space    used 2349K, capacity 2462K, committed 2560K, reserved 1048576K
}
Event: 1,745 GC heap before
{Heap before GC invocations=6 (full 1):
 PSYoungGen      total 139264K, used 10208K [0x000000076cb00000, 0x000000077e400000, 0x00000007c0000000)
  eden space 129024K, 0% used [0x000000076cb00000,0x000000076cb00000,0x0000000774900000)
  from space 10240K, 99% used [0x0000000774900000,0x00000007752f8280,0x0000000775300000)
  to   space 14848K, 0% used [0x000000077d580000,0x000000077d580000,0x000000077e400000)
 ParOldGen       total 171008K, used 5617K [0x00000006c6000000, 0x00000006d0700000, 0x000000076cb00000)
  object space 171008K, 3% used [0x00000006c6000000,0x00000006c657c4b8,0x00000006d0700000)
 Metaspace       used 20475K, capacity 21106K, committed 21248K, reserved 1069056K
  class space    used 2349K, capacity 2462K, committed 2560K, reserved 1048576K
Event: 1,776 GC heap after
Heap after GC invocations=6 (full 1):
 PSYoungGen      total 139264K, used 0K [0x000000076cb00000, 0x000000077e400000, 0x00000007c0000000)
  eden space 129024K, 0% used [0x000000076cb00000,0x000000076cb00000,0x0000000774900000)
  from space 10240K, 0% used [0x0000000774900000,0x0000000774900000,0x0000000775300000)
  to   space 14848K, 0% used [0x000000077d580000,0x000000077d580000,0x000000077e400000)
 ParOldGen       total 102400K, used 12852K [0x00000006c6000000, 0x00000006cc400000, 0x000000076cb00000)
  object space 102400K, 12% used [0x00000006c6000000,0x00000006c6c8d3b0,0x00000006cc400000)
 Metaspace       used 20475K, capacity 21106K, committed 21248K, reserved 1069056K
  class space    used 2349K, capacity 2462K, committed 2560K, reserved 1048576K
}

